


ARM Macro Assembler    Page 1 


    1 00000000                 PRESERVE8
    2 00000000                 THUMB
    3 00000000         
    4 00000000         
    5 00000000         ; ====================== zone de réservation de données,
                         ======================================
    6 00000000         ;Section RAM (read only) :
    7 00000000                 area             mesdata,data,readonly
    8 00000000         
    9 00000000         
   10 00000000         ;Section RAM (read write):
   11 00000000                 area             maram,data,readwrite
   12 00000000         
   13 00000000         
   14 00000000         
   15 00000000         ; ======================================================
                       =========================================
   16 00000000                 export           DFT_ModuleAuCarre
   17 00000000         
   18 00000000         
   19 00000000         
   20 00000000         ;Section ROM code (read only) :  
   21 00000000                 area             moncode,code,readonly
   22 00000000         ; écrire le code ici  
   23 00000000         DFT_ModuleAuCarre
                               proc
   24 00000000         ;on a dans r0 l'adresse du premier échantillon du signa 
                       à traiter
   25 00000000         ;on a dans r1 la valeur de k
   26 00000000 E92D 43F0       push             {r4, r5, r6, r7, r8, r9, lr}
   27 00000004         
   28 00000004 4D19            ldr              r5,=TabCos  ;On stocke l'adress
                                                            e de TabCos dans r5
                                                            
   29 00000006 4E1A            ldr              r6,=TabSin  ;On stocke l'adress
                                                            e de TabCos dans r6
                                                            
   30 00000008         
   31 00000008         ;initialisation sommes
   32 00000008 F04F 0800       mov              r8, #0
   33 0000000C F04F 0900       mov              r9, #0
   34 00000010         
   35 00000010         ;initialisation for
   36 00000010 F04F 0200       mov              r2, #0
   37 00000014         
   38 00000014         forone
   39 00000014         ;calcul de p%64
   40 00000014         ;calcul de p
   41 00000014 FB02 F301       mul              r3, r2, r1
   42 00000018         ;modulo 64 (on utilise un masque = 63 = 0b111111)
   43 00000018 F003 033F       and              r3, r3, #63
   44 0000001C         
   45 0000001C         ;Calcul des sommes reel et im
   46 0000001C         ;récupération de x(n) dans r4
   47 0000001C F830 4012       ldrh             r4, [r0, r2, lsl #1]
   48 00000020 F7FF FFFE       bl               reel        ;on branch dans le 
                                                            calcul de la partie
                                                             reele en sauvegard
                                                            ant le le pc dans l



ARM Macro Assembler    Page 2 


                                                            r 
   49 00000024         
   50 00000024         
   51 00000024         
   52 00000024         ;suite for
   53 00000024 F102 0201       add              r2, #1
   54 00000028 2A40            cmp              r2,#64
   55 0000002A D1F3            bne              forone
   56 0000002C         
   57 0000002C         ;ICI FAIRE LA NORME:
   58 0000002C EA4F 38A8       asr              r8, #14
   59 00000030 EA4F 39A9       asr              r9, #14
   60 00000034 FB08 F808       mul              r8, r8
   61 00000038 FB09 F909       mul              r9, r9
   62 0000003C EB18 0009       adds             r0, r8, r9
   63 00000040 E8BD 43F0       pop              {r4, r5, r6, r7, r8, r9, lr}
   64 00000044 4770            bx               lr          ;
   65 00000046                 endp
   66 00000046         
   67 00000046         
   68 00000046         reel    proc
   69 00000046         ;on recupère cos(2pi p /64) en franctionaire dans r7
   70 00000046 F935 7013       ldrsh            r7, [r5, r3, lsl #1]
   71 0000004A         ;on multiplie le cos (en 1,15) par la valeur du signal (
                       en 4, 12) ici on multiplie 2 valeurs sur 2 octets hors n
                       otre registre fait 4 octet donc pas de débordement possi
                       ble
   72 0000004A         ;on obtient du 5,27
   73 0000004A FB07 F704       mul              r7, r4
   74 0000004E EA4F 07A7       asr              r7, #2
   75 00000052         ;on l'ajoute à la somme entière de re(on peut considerer
                        que notre somme sera inférieure à 15 car les valeurs so
                       nt faibles et certaines négatives)
   76 00000052 EB18 0807       adds             r8, r7
   77 00000056         
   78 00000056         
   79 00000056 E7FE            b                imag        ; on branche dans i
                                                            mage 
   80 00000058                 endp
   81 00000058         
   82 00000058         imag    proc
   83 00000058         ;on recupère sin(2pi p /64) en franctionaire dans r7
   84 00000058 F936 7013       ldrsh            r7, [r6, r3, lsl #1]
   85 0000005C         ;on multiplie le cos (en 1,15) par la valeur du signal (
                       en 4, 12) ici on multiplie 2 valeurs sur 2 octets hors n
                       otre registre fait 4 octet donc pas de débordement possi
                       ble
   86 0000005C         ;on obtient du 5,27
   87 0000005C FB07 F704       mul              r7, r4
   88 00000060         ;on l'ajoute à la somme entière de im(on peut considerer
                        que notre somme sera inférieure à 15 car les valeurs so
                       nt faibles et certaines négatives)
   89 00000060 EA4F 07A7       asr              r7, #2
   90 00000064 EB19 0907       adds             r9, r7
   91 00000068 4770            bx               lr          ;retour dans DFT_mo
                                                            duleAuCarre
   92 0000006A                 endp
   93 0000006A         
   94 0000006A         



ARM Macro Assembler    Page 3 


   95 0000006A         
   96 0000006A         
   97 0000006A         ;Section ROM code (read only) :  
   98 0000006A 00 00 00000000 
              00000000         AREA             Trigo, DATA, READONLY
   99 00000000         ; codage fractionnaire 1.15
  100 00000000         
  101 00000000         TabCos
  102 00000000 FF 7F           DCW              32767       ;  0 0x7fff  0.9999
                                                            7
  103 00000002 62 7F           DCW              32610       ;  1 0x7f62  0.9951
                                                            8
  104 00000004 8A 7D           DCW              32138       ;  2 0x7d8a  0.9807
                                                            7
  105 00000006 7D 7A           DCW              31357       ;  3 0x7a7d  0.9569
                                                            4
  106 00000008 42 76           DCW              30274       ;  4 0x7642  0.9238
                                                            9
  107 0000000A E3 70           DCW              28899       ;  5 0x70e3  0.8819
                                                            3
  108 0000000C 6E 6A           DCW              27246       ;  6 0x6a6e  0.8314
                                                            8
  109 0000000E F2 62           DCW              25330       ;  7 0x62f2  0.7730
                                                            1
  110 00000010 82 5A           DCW              23170       ;  8 0x5a82  0.7070
                                                            9
  111 00000012 34 51           DCW              20788       ;  9 0x5134  0.6344
                                                            0
  112 00000014 1D 47           DCW              18205       ; 10 0x471d  0.5555
                                                            7
  113 00000016 57 3C           DCW              15447       ; 11 0x3c57  0.4714
                                                            1
  114 00000018 FC 30           DCW              12540       ; 12 0x30fc  0.3826
                                                            9
  115 0000001A 28 25           DCW              9512        ; 13 0x2528  0.2902
                                                            8
  116 0000001C F9 18           DCW              6393        ; 14 0x18f9  0.1951
                                                            0
  117 0000001E 8C 0C           DCW              3212        ; 15 0x0c8c  0.0980
                                                            2
  118 00000020 00 00           DCW              0           ; 16 0x0000  0.0000
                                                            0
  119 00000022 74 F3           DCW              -3212       ; 17 0xf374 -0.0980
                                                            2
  120 00000024 07 E7           DCW              -6393       ; 18 0xe707 -0.1951
                                                            0
  121 00000026 D8 DA           DCW              -9512       ; 19 0xdad8 -0.2902
                                                            8
  122 00000028 04 CF           DCW              -12540      ; 20 0xcf04 -0.3826
                                                            9
  123 0000002A A9 C3           DCW              -15447      ; 21 0xc3a9 -0.4714
                                                            1
  124 0000002C E3 B8           DCW              -18205      ; 22 0xb8e3 -0.5555
                                                            7
  125 0000002E CC AE           DCW              -20788      ; 23 0xaecc -0.6344
                                                            0
  126 00000030 7E A5           DCW              -23170      ; 24 0xa57e -0.7070
                                                            9
  127 00000032 0E 9D           DCW              -25330      ; 25 0x9d0e -0.7730



ARM Macro Assembler    Page 4 


                                                            1
  128 00000034 92 95           DCW              -27246      ; 26 0x9592 -0.8314
                                                            8
  129 00000036 1D 8F           DCW              -28899      ; 27 0x8f1d -0.8819
                                                            3
  130 00000038 BE 89           DCW              -30274      ; 28 0x89be -0.9238
                                                            9
  131 0000003A 83 85           DCW              -31357      ; 29 0x8583 -0.9569
                                                            4
  132 0000003C 76 82           DCW              -32138      ; 30 0x8276 -0.9807
                                                            7
  133 0000003E 9E 80           DCW              -32610      ; 31 0x809e -0.9951
                                                            8
  134 00000040 00 80           DCW              -32768      ; 32 0x8000 -1.0000
                                                            0
  135 00000042 9E 80           DCW              -32610      ; 33 0x809e -0.9951
                                                            8
  136 00000044 76 82           DCW              -32138      ; 34 0x8276 -0.9807
                                                            7
  137 00000046 83 85           DCW              -31357      ; 35 0x8583 -0.9569
                                                            4
  138 00000048 BE 89           DCW              -30274      ; 36 0x89be -0.9238
                                                            9
  139 0000004A 1D 8F           DCW              -28899      ; 37 0x8f1d -0.8819
                                                            3
  140 0000004C 92 95           DCW              -27246      ; 38 0x9592 -0.8314
                                                            8
  141 0000004E 0E 9D           DCW              -25330      ; 39 0x9d0e -0.7730
                                                            1
  142 00000050 7E A5           DCW              -23170      ; 40 0xa57e -0.7070
                                                            9
  143 00000052 CC AE           DCW              -20788      ; 41 0xaecc -0.6344
                                                            0
  144 00000054 E3 B8           DCW              -18205      ; 42 0xb8e3 -0.5555
                                                            7
  145 00000056 A9 C3           DCW              -15447      ; 43 0xc3a9 -0.4714
                                                            1
  146 00000058 04 CF           DCW              -12540      ; 44 0xcf04 -0.3826
                                                            9
  147 0000005A D8 DA           DCW              -9512       ; 45 0xdad8 -0.2902
                                                            8
  148 0000005C 07 E7           DCW              -6393       ; 46 0xe707 -0.1951
                                                            0
  149 0000005E 74 F3           DCW              -3212       ; 47 0xf374 -0.0980
                                                            2
  150 00000060 00 00           DCW              0           ; 48 0x0000  0.0000
                                                            0
  151 00000062 8C 0C           DCW              3212        ; 49 0x0c8c  0.0980
                                                            2
  152 00000064 F9 18           DCW              6393        ; 50 0x18f9  0.1951
                                                            0
  153 00000066 28 25           DCW              9512        ; 51 0x2528  0.2902
                                                            8
  154 00000068 FC 30           DCW              12540       ; 52 0x30fc  0.3826
                                                            9
  155 0000006A 57 3C           DCW              15447       ; 53 0x3c57  0.4714
                                                            1
  156 0000006C 1D 47           DCW              18205       ; 54 0x471d  0.5555
                                                            7



ARM Macro Assembler    Page 5 


  157 0000006E 34 51           DCW              20788       ; 55 0x5134  0.6344
                                                            0
  158 00000070 82 5A           DCW              23170       ; 56 0x5a82  0.7070
                                                            9
  159 00000072 F2 62           DCW              25330       ; 57 0x62f2  0.7730
                                                            1
  160 00000074 6E 6A           DCW              27246       ; 58 0x6a6e  0.8314
                                                            8
  161 00000076 E3 70           DCW              28899       ; 59 0x70e3  0.8819
                                                            3
  162 00000078 42 76           DCW              30274       ; 60 0x7642  0.9238
                                                            9
  163 0000007A 7D 7A           DCW              31357       ; 61 0x7a7d  0.9569
                                                            4
  164 0000007C 8A 7D           DCW              32138       ; 62 0x7d8a  0.9807
                                                            7
  165 0000007E 62 7F           DCW              32610       ; 63 0x7f62  0.9951
                                                            8
  166 00000080         TabSin
  167 00000080 00 00           DCW              0           ;  0 0x0000  0.0000
                                                            0
  168 00000082 8C 0C           DCW              3212        ;  1 0x0c8c  0.0980
                                                            2
  169 00000084 F9 18           DCW              6393        ;  2 0x18f9  0.1951
                                                            0
  170 00000086 28 25           DCW              9512        ;  3 0x2528  0.2902
                                                            8
  171 00000088 FC 30           DCW              12540       ;  4 0x30fc  0.3826
                                                            9
  172 0000008A 57 3C           DCW              15447       ;  5 0x3c57  0.4714
                                                            1
  173 0000008C 1D 47           DCW              18205       ;  6 0x471d  0.5555
                                                            7
  174 0000008E 34 51           DCW              20788       ;  7 0x5134  0.6344
                                                            0
  175 00000090 82 5A           DCW              23170       ;  8 0x5a82  0.7070
                                                            9
  176 00000092 F2 62           DCW              25330       ;  9 0x62f2  0.7730
                                                            1
  177 00000094 6E 6A           DCW              27246       ; 10 0x6a6e  0.8314
                                                            8
  178 00000096 E3 70           DCW              28899       ; 11 0x70e3  0.8819
                                                            3
  179 00000098 42 76           DCW              30274       ; 12 0x7642  0.9238
                                                            9
  180 0000009A 7D 7A           DCW              31357       ; 13 0x7a7d  0.9569
                                                            4
  181 0000009C 8A 7D           DCW              32138       ; 14 0x7d8a  0.9807
                                                            7
  182 0000009E 62 7F           DCW              32610       ; 15 0x7f62  0.9951
                                                            8
  183 000000A0 FF 7F           DCW              32767       ; 16 0x7fff  0.9999
                                                            7
  184 000000A2 62 7F           DCW              32610       ; 17 0x7f62  0.9951
                                                            8
  185 000000A4 8A 7D           DCW              32138       ; 18 0x7d8a  0.9807
                                                            7
  186 000000A6 7D 7A           DCW              31357       ; 19 0x7a7d  0.9569
                                                            4



ARM Macro Assembler    Page 6 


  187 000000A8 42 76           DCW              30274       ; 20 0x7642  0.9238
                                                            9
  188 000000AA E3 70           DCW              28899       ; 21 0x70e3  0.8819
                                                            3
  189 000000AC 6E 6A           DCW              27246       ; 22 0x6a6e  0.8314
                                                            8
  190 000000AE F2 62           DCW              25330       ; 23 0x62f2  0.7730
                                                            1
  191 000000B0 82 5A           DCW              23170       ; 24 0x5a82  0.7070
                                                            9
  192 000000B2 34 51           DCW              20788       ; 25 0x5134  0.6344
                                                            0
  193 000000B4 1D 47           DCW              18205       ; 26 0x471d  0.5555
                                                            7
  194 000000B6 57 3C           DCW              15447       ; 27 0x3c57  0.4714
                                                            1
  195 000000B8 FC 30           DCW              12540       ; 28 0x30fc  0.3826
                                                            9
  196 000000BA 28 25           DCW              9512        ; 29 0x2528  0.2902
                                                            8
  197 000000BC F9 18           DCW              6393        ; 30 0x18f9  0.1951
                                                            0
  198 000000BE 8C 0C           DCW              3212        ; 31 0x0c8c  0.0980
                                                            2
  199 000000C0 00 00           DCW              0           ; 32 0x0000  0.0000
                                                            0
  200 000000C2 74 F3           DCW              -3212       ; 33 0xf374 -0.0980
                                                            2
  201 000000C4 07 E7           DCW              -6393       ; 34 0xe707 -0.1951
                                                            0
  202 000000C6 D8 DA           DCW              -9512       ; 35 0xdad8 -0.2902
                                                            8
  203 000000C8 04 CF           DCW              -12540      ; 36 0xcf04 -0.3826
                                                            9
  204 000000CA A9 C3           DCW              -15447      ; 37 0xc3a9 -0.4714
                                                            1
  205 000000CC E3 B8           DCW              -18205      ; 38 0xb8e3 -0.5555
                                                            7
  206 000000CE CC AE           DCW              -20788      ; 39 0xaecc -0.6344
                                                            0
  207 000000D0 7E A5           DCW              -23170      ; 40 0xa57e -0.7070
                                                            9
  208 000000D2 0E 9D           DCW              -25330      ; 41 0x9d0e -0.7730
                                                            1
  209 000000D4 92 95           DCW              -27246      ; 42 0x9592 -0.8314
                                                            8
  210 000000D6 1D 8F           DCW              -28899      ; 43 0x8f1d -0.8819
                                                            3
  211 000000D8 BE 89           DCW              -30274      ; 44 0x89be -0.9238
                                                            9
  212 000000DA 83 85           DCW              -31357      ; 45 0x8583 -0.9569
                                                            4
  213 000000DC 76 82           DCW              -32138      ; 46 0x8276 -0.9807
                                                            7
  214 000000DE 9E 80           DCW              -32610      ; 47 0x809e -0.9951
                                                            8
  215 000000E0 00 80           DCW              -32768      ; 48 0x8000 -1.0000
                                                            0
  216 000000E2 9E 80           DCW              -32610      ; 49 0x809e -0.9951



ARM Macro Assembler    Page 7 


                                                            8
  217 000000E4 76 82           DCW              -32138      ; 50 0x8276 -0.9807
                                                            7
  218 000000E6 83 85           DCW              -31357      ; 51 0x8583 -0.9569
                                                            4
  219 000000E8 BE 89           DCW              -30274      ; 52 0x89be -0.9238
                                                            9
  220 000000EA 1D 8F           DCW              -28899      ; 53 0x8f1d -0.8819
                                                            3
  221 000000EC 92 95           DCW              -27246      ; 54 0x9592 -0.8314
                                                            8
  222 000000EE 0E 9D           DCW              -25330      ; 55 0x9d0e -0.7730
                                                            1
  223 000000F0 7E A5           DCW              -23170      ; 56 0xa57e -0.7070
                                                            9
  224 000000F2 CC AE           DCW              -20788      ; 57 0xaecc -0.6344
                                                            0
  225 000000F4 E3 B8           DCW              -18205      ; 58 0xb8e3 -0.5555
                                                            7
  226 000000F6 A9 C3           DCW              -15447      ; 59 0xc3a9 -0.4714
                                                            1
  227 000000F8 04 CF           DCW              -12540      ; 60 0xcf04 -0.3826
                                                            9
  228 000000FA D8 DA           DCW              -9512       ; 61 0xdad8 -0.2902
                                                            8
  229 000000FC 07 E7           DCW              -6393       ; 62 0xe707 -0.1951
                                                            0
  230 000000FE 74 F3           DCW              -3212       ; 63 0xf374 -0.0980
                                                            2
  231 00000100         
  232 00000100         
  233 00000100         
  234 00000100         
  235 00000100                 END
Command Line: --debug --xref --diag_suppress=9931 --cpu=Cortex-M3 --apcs=interw
ork --depend=.\obj\dft.d -o.\obj\dft.o -I.\RTE\_Simu -ID:\Programmes\ARM\CMSIS\
5.7.0\CMSIS\Core\Include -ID:\Programmes\Keil\STM32F1xx_DFP\2.3.0\Device\Includ
e --predefine="__EVAL SETA 1" --predefine="__MICROLIB SETA 1" --predefine="__UV
ISION_VERSION SETA 533" --predefine="_RTE_ SETA 1" --predefine="STM32F10X_MD SE
TA 1" --predefine="_RTE_ SETA 1" --list=dft.lst Src\DFT.s



ARM Macro Assembler    Page 1 Alphabetic symbol ordering
Relocatable symbols

mesdata 00000000

Symbol: mesdata
   Definitions
      At line 7 in file Src\DFT.s
   Uses
      None
Comment: mesdata unused
1 symbol



ARM Macro Assembler    Page 1 Alphabetic symbol ordering
Relocatable symbols

maram 00000000

Symbol: maram
   Definitions
      At line 11 in file Src\DFT.s
   Uses
      None
Comment: maram unused
1 symbol



ARM Macro Assembler    Page 1 Alphabetic symbol ordering
Relocatable symbols

DFT_ModuleAuCarre 00000000

Symbol: DFT_ModuleAuCarre
   Definitions
      At line 23 in file Src\DFT.s
   Uses
      At line 16 in file Src\DFT.s
Comment: DFT_ModuleAuCarre used once
forone 00000014

Symbol: forone
   Definitions
      At line 38 in file Src\DFT.s
   Uses
      At line 55 in file Src\DFT.s
Comment: forone used once
imag 00000058

Symbol: imag
   Definitions
      At line 82 in file Src\DFT.s
   Uses
      At line 79 in file Src\DFT.s
Comment: imag used once
moncode 00000000

Symbol: moncode
   Definitions
      At line 21 in file Src\DFT.s
   Uses
      None
Comment: moncode unused
reel 00000046

Symbol: reel
   Definitions
      At line 68 in file Src\DFT.s
   Uses
      At line 48 in file Src\DFT.s
Comment: reel used once
5 symbols



ARM Macro Assembler    Page 1 Alphabetic symbol ordering
Relocatable symbols

TabCos 00000000

Symbol: TabCos
   Definitions
      At line 101 in file Src\DFT.s
   Uses
      At line 28 in file Src\DFT.s
Comment: TabCos used once
TabSin 00000080

Symbol: TabSin
   Definitions
      At line 166 in file Src\DFT.s
   Uses
      At line 29 in file Src\DFT.s
Comment: TabSin used once
Trigo 00000000

Symbol: Trigo
   Definitions
      At line 98 in file Src\DFT.s
   Uses
      None
Comment: Trigo unused
3 symbols
347 symbols in table
